<?xml version="1.0" encoding="UTF-8"?>
<!-- Generated by org.testng.reporters.JUnitXMLReporter -->
<<<<<<< HEAD
<testsuite ignored="1" hostname="DESKTOP-D34FDNH" failures="1" tests="2" name="login module Test" time="20.332" errors="0" timestamp="2023-01-11T01:58:00 EST">
  <testcase classname="automation.selenium4Framework.ErrorValidationTest" name="logInModuleNegativeTest" time="0.634">
    <skipped/>
  </testcase> <!-- logInModuleNegativeTest -->
  <testcase classname="automation.selenium4Framework.ErrorValidationTest" name="logInModuleNegativeTest" time="0.612">
    <failure type="java.lang.AssertionError" message="expected [Login Successfully] but found [Incorrect email or password.]">
      <![CDATA[java.lang.AssertionError: expected [Login Successfully] but found [Incorrect email or password.]
at automation.selenium4Framework.ErrorValidationTest.logInModuleNegativeTest(ErrorValidationTest.java:16)
at java.base/java.util.ArrayList.forEach(ArrayList.java:1541)
... Removed 33 stack frames]]>
    </failure>
  </testcase> <!-- logInModuleNegativeTest -->
  <testcase classname="automation.selenium4Framework.ErrorValidationTest" name="titleTest" time="0.0">
    <ignored/>
  </testcase> <!-- titleTest -->
=======
<testsuite ignored="0" hostname="M-Pro.local" failures="2" tests="6" name="login module Test" time="91.21" errors="0" timestamp="2022-12-18T02:11:07 EST">
  <testcase classname="automation.selenium4Framework.ErrorValidationTest" name="titleTest" time="0.008">
    <failure type="java.lang.AssertionError" message="expected [Let&amp;apos;s Shop] but found [Let&amp;apos;s Sho]">
      <![CDATA[java.lang.AssertionError: expected [Let's Shop] but found [Let's Sho]
at automation.selenium4Framework.ErrorValidationTest.titleTest(ErrorValidationTest.java:22)
at java.base/java.util.ArrayList.forEach(ArrayList.java:1511)
at java.base/java.util.concurrent.FutureTask.run(FutureTask.java:264)
at java.base/java.util.concurrent.ThreadPoolExecutor.runWorker(ThreadPoolExecutor.java:1136)
at java.base/java.util.concurrent.ThreadPoolExecutor$Worker.run(ThreadPoolExecutor.java:635)
at java.base/java.lang.Thread.run(Thread.java:833)
... Removed 24 stack frames]]>
    </failure>
  </testcase> <!-- titleTest -->
  <testcase classname="automation.selenium4Framework.ErrorValidationTest" name="logInModuleNegativeTest" time="0.538"/>
  <testcase classname="automation.selenium4Framework.ErrorValidationTest" name="logInModuleNegativeTest" time="0.527"/>
  <testcase classname="automation.selenium4Framework.ErrorValidationTest" name="logInModuleNegativeTest" time="1.049"/>
  <testcase classname="automation.selenium4Framework.ErrorValidationTest" name="logInModuleNegativeTest" time="20.363">
    <skipped/>
  </testcase> <!-- logInModuleNegativeTest -->
  <testcase classname="automation.selenium4Framework.ErrorValidationTest" name="logInModuleNegativeTest" time="20.309">
    <failure type="org.openqa.selenium.TimeoutException" message="Expected condition failed: waiting for visibility of Proxy element for: DefaultElementLocator &amp;apos;By.cssSelector: [class*=&amp;apos;flyInOut&amp;apos;]&amp;apos; (tried for 5 second(s) with 500 milliseconds interval)">
      <![CDATA[org.openqa.selenium.TimeoutException: Expected condition failed: waiting for visibility of Proxy element for: DefaultElementLocator 'By.cssSelector: [class*='flyInOut']' (tried for 5 second(s) with 500 milliseconds interval)
at org.openqa.selenium.support.ui.WebDriverWait.timeoutException(WebDriverWait.java:87)
at org.openqa.selenium.support.ui.FluentWait.until(FluentWait.java:231)
at automation.selenium4Framework.Reuseables.waitForElementToAppearUsingWebElement(Reuseables.java:33)
at pageObjects.LandingPage.logInErrorMessage(LandingPage.java:39)
at automation.selenium4Framework.ErrorValidationTest.logInModuleNegativeTest(ErrorValidationTest.java:16)
at java.base/java.util.ArrayList.forEach(ArrayList.java:1511)
at java.base/java.util.concurrent.FutureTask.run(FutureTask.java:264)
at java.base/java.util.concurrent.ThreadPoolExecutor.runWorker(ThreadPoolExecutor.java:1136)
at java.base/java.util.concurrent.ThreadPoolExecutor$Worker.run(ThreadPoolExecutor.java:635)
at java.base/java.lang.Thread.run(Thread.java:833)
Caused by: org.openqa.selenium.NoSuchElementException: no such element: Unable to locate element: {"method":"css selector","selector":"[class*='flyInOut']"}
  (Session info: chrome=108.0.5359.124)
For documentation on this error, please visit: https://selenium.dev/exceptions/#no_such_element
Build info: version: '4.5.2', revision: '702c64f787c'
System info: os.name: 'Mac OS X', os.arch: 'x86_64', os.version: '13.1', java.version: '17.0.4.1'
Driver info: org.openqa.selenium.chrome.ChromeDriver
Command: [e1bb94e8eec3c961826de6102e380d9e, findElement {using=css selector, value=[class*='flyInOut']}]
Capabilities {acceptInsecureCerts: false, browserName: chrome, browserVersion: 108.0.5359.124, chrome: {chromedriverVersion: 108.0.5359.71 (1e0e3868ee06..., userDataDir: /var/folders/gf/gthvsq1n1rz...}, goog:chromeOptions: {debuggerAddress: localhost:50982}, networkConnectionEnabled: false, pageLoadStrategy: normal, platformName: MAC, proxy: Proxy(), se:cdp: ws://localhost:50982/devtoo..., se:cdpVersion: 108.0.5359.124, setWindowRect: true, strictFileInteractability: false, timeouts: {implicit: 0, pageLoad: 300000, script: 30000}, unhandledPromptBehavior: dismiss and notify, webauthn:extension:credBlob: true, webauthn:extension:largeBlob: true, webauthn:virtualAuthenticators: true}
Session ID: e1bb94e8eec3c961826de6102e380d9e
at org.openqa.selenium.remote.codec.w3c.W3CHttpResponseCodec.createException(W3CHttpResponseCodec.java:200)
at org.openqa.selenium.remote.codec.w3c.W3CHttpResponseCodec.decode(W3CHttpResponseCodec.java:133)
at org.openqa.selenium.remote.codec.w3c.W3CHttpResponseCodec.decode(W3CHttpResponseCodec.java:53)
at org.openqa.selenium.remote.HttpCommandExecutor.execute(HttpCommandExecutor.java:184)
at org.openqa.selenium.remote.service.DriverCommandExecutor.invokeExecute(DriverCommandExecutor.java:167)
at org.openqa.selenium.remote.service.DriverCommandExecutor.execute(DriverCommandExecutor.java:142)
at org.openqa.selenium.remote.RemoteWebDriver.execute(RemoteWebDriver.java:541)
at org.openqa.selenium.remote.ElementLocation$ElementFinder$2.findElement(ElementLocation.java:162)
at org.openqa.selenium.remote.ElementLocation.findElement(ElementLocation.java:60)
at org.openqa.selenium.remote.RemoteWebDriver.findElement(RemoteWebDriver.java:365)
at org.openqa.selenium.remote.RemoteWebDriver.findElement(RemoteWebDriver.java:357)
at org.openqa.selenium.support.pagefactory.DefaultElementLocator.findElement(DefaultElementLocator.java:70)
at org.openqa.selenium.support.pagefactory.internal.LocatingElementHandler.invoke(LocatingElementHandler.java:39)
at jdk.proxy2/jdk.proxy2.$Proxy21.isDisplayed(Unknown Source)
at org.openqa.selenium.support.ui.ExpectedConditions.elementIfVisible(ExpectedConditions.java:307)
at org.openqa.selenium.support.ui.ExpectedConditions.access$000(ExpectedConditions.java:40)
at org.openqa.selenium.support.ui.ExpectedConditions$10.apply(ExpectedConditions.java:293)
at org.openqa.selenium.support.ui.ExpectedConditions$10.apply(ExpectedConditions.java:290)
at org.openqa.selenium.support.ui.FluentWait.until(FluentWait.java:208)
... 26 more
... Removed 23 stack frames]]>
    </failure>
  </testcase> <!-- logInModuleNegativeTest -->
>>>>>>> 10f05f0c5135af2755f40abfa69affc2c70a3260
</testsuite> <!-- login module Test -->
