<?xml version="1.0" encoding="UTF-8"?>
<testng-results retried="1" ignored="0" total="7" passed="4" failed="2" skipped="0">
  <reporter-output>
  </reporter-output>
  <suite started-at="2022-12-18T02:09:31 EST" name="Suite" finished-at="2022-12-18T02:11:02 EST" duration-ms="91210">
    <groups>
      <group name="smoke">
        <method signature="ErrorValidationTest.logInModuleNegativeTest(java.lang.String,java.lang.String)[pri:1, instance:automation.selenium4Framework.ErrorValidationTest@7b36aa0c]" name="logInModuleNegativeTest" class="automation.selenium4Framework.ErrorValidationTest"/>
        <method signature="SubmitOrderTest.submitOrder()[pri:0, instance:automation.selenium4Framework.SubmitOrderTest@1349883]" name="submitOrder" class="automation.selenium4Framework.SubmitOrderTest"/>
      </group> <!-- smoke -->
    </groups>
    <test started-at="2022-12-18T02:09:31 EST" name="Submit order Test" finished-at="2022-12-18T02:09:49 EST" duration-ms="18445">
      <class name="automation.selenium4Framework.SubmitOrderTest">
        <test-method is-config="true" signature="launchApplication()[pri:0, instance:automation.selenium4Framework.SubmitOrderTest@1349883]" started-at="2022-12-18T02:09:31 EST" name="launchApplication" finished-at="2022-12-18T02:09:45 EST" duration-ms="13959" status="PASS">
          <reporter-output>
          </reporter-output>
        </test-method> <!-- launchApplication -->
        <test-method signature="submitOrder()[pri:0, instance:automation.selenium4Framework.SubmitOrderTest@1349883]" started-at="2022-12-18T02:09:45 EST" name="submitOrder" finished-at="2022-12-18T02:09:49 EST" duration-ms="4266" status="PASS">
          <reporter-output>
          </reporter-output>
        </test-method> <!-- submitOrder -->
        <test-method is-config="true" signature="tearDown()[pri:0, instance:automation.selenium4Framework.SubmitOrderTest@1349883]" started-at="2022-12-18T02:09:49 EST" name="tearDown" finished-at="2022-12-18T02:09:49 EST" duration-ms="193" status="PASS">
          <reporter-output>
          </reporter-output>
        </test-method> <!-- tearDown -->
      </class> <!-- automation.selenium4Framework.SubmitOrderTest -->
    </test> <!-- Submit order Test -->
    <test started-at="2022-12-18T02:09:31 EST" name="login module Test" finished-at="2022-12-18T02:11:02 EST" duration-ms="91210">
      <class name="automation.selenium4Framework.ErrorValidationTest">
        <test-method is-config="true" signature="launchApplication()[pri:0, instance:automation.selenium4Framework.ErrorValidationTest@7b36aa0c]" started-at="2022-12-18T02:09:31 EST" name="launchApplication" finished-at="2022-12-18T02:09:45 EST" duration-ms="14844" status="PASS">
          <reporter-output>
          </reporter-output>
        </test-method> <!-- launchApplication -->
        <test-method signature="titleTest()[pri:0, instance:automation.selenium4Framework.ErrorValidationTest@7b36aa0c]" started-at="2022-12-18T02:09:45 EST" name="titleTest" finished-at="2022-12-18T02:09:45 EST" duration-ms="8" status="FAIL">
          <exception class="java.lang.AssertionError">
            <message>
              <![CDATA[expected [Let's Shop] but found [Let's Sho]]]>
            </message>
            <full-stacktrace>
              <![CDATA[java.lang.AssertionError: expected [Let's Shop] but found [Let's Sho]
at org.testng.Assert.fail(Assert.java:99)
at org.testng.Assert.failNotEquals(Assert.java:1037)
at org.testng.Assert.assertEqualsImpl(Assert.java:140)
at org.testng.Assert.assertEquals(Assert.java:122)
at org.testng.Assert.assertEquals(Assert.java:629)
at org.testng.Assert.assertEquals(Assert.java:639)
at automation.selenium4Framework.ErrorValidationTest.titleTest(ErrorValidationTest.java:22)
at java.base/jdk.internal.reflect.NativeMethodAccessorImpl.invoke0(Native Method)
at java.base/jdk.internal.reflect.NativeMethodAccessorImpl.invoke(NativeMethodAccessorImpl.java:77)
at java.base/jdk.internal.reflect.DelegatingMethodAccessorImpl.invoke(DelegatingMethodAccessorImpl.java:43)
at java.base/java.lang.reflect.Method.invoke(Method.java:568)
at org.testng.internal.MethodInvocationHelper.invokeMethod(MethodInvocationHelper.java:133)
at org.testng.internal.TestInvoker.invokeMethod(TestInvoker.java:598)
at org.testng.internal.TestInvoker.invokeTestMethod(TestInvoker.java:173)
at org.testng.internal.MethodRunner.runInSequence(MethodRunner.java:46)
at org.testng.internal.TestInvoker$MethodInvocationAgent.invoke(TestInvoker.java:824)
at org.testng.internal.TestInvoker.invokeTestMethods(TestInvoker.java:146)
at org.testng.internal.TestMethodWorker.invokeTestMethods(TestMethodWorker.java:146)
at org.testng.internal.TestMethodWorker.run(TestMethodWorker.java:128)
at java.base/java.util.ArrayList.forEach(ArrayList.java:1511)
at org.testng.TestRunner.privateRun(TestRunner.java:794)
at org.testng.TestRunner.run(TestRunner.java:596)
at org.testng.SuiteRunner.runTest(SuiteRunner.java:377)
at org.testng.SuiteRunner.access$000(SuiteRunner.java:28)
at org.testng.SuiteRunner$SuiteWorker.run(SuiteRunner.java:418)
at org.testng.internal.thread.ThreadUtil.lambda$execute$0(ThreadUtil.java:64)
at java.base/java.util.concurrent.FutureTask.run(FutureTask.java:264)
at java.base/java.util.concurrent.ThreadPoolExecutor.runWorker(ThreadPoolExecutor.java:1136)
at java.base/java.util.concurrent.ThreadPoolExecutor$Worker.run(ThreadPoolExecutor.java:635)
at java.base/java.lang.Thread.run(Thread.java:833)
]]>
            </full-stacktrace>
          </exception> <!-- java.lang.AssertionError -->
          <reporter-output>
          </reporter-output>
        </test-method> <!-- titleTest -->
        <test-method is-config="true" signature="tearDown()[pri:0, instance:automation.selenium4Framework.ErrorValidationTest@7b36aa0c]" started-at="2022-12-18T02:09:47 EST" name="tearDown" finished-at="2022-12-18T02:09:48 EST" duration-ms="183" status="PASS">
          <reporter-output>
          </reporter-output>
        </test-method> <!-- tearDown -->
        <test-method is-config="true" signature="launchApplication()[pri:0, instance:automation.selenium4Framework.ErrorValidationTest@7b36aa0c]" started-at="2022-12-18T02:09:48 EST" name="launchApplication" finished-at="2022-12-18T02:09:54 EST" duration-ms="5725" status="PASS">
          <reporter-output>
          </reporter-output>
        </test-method> <!-- launchApplication -->
        <test-method signature="logInModuleNegativeTest(java.lang.String,java.lang.String)[pri:1, instance:automation.selenium4Framework.ErrorValidationTest@7b36aa0c]" started-at="2022-12-18T02:09:54 EST" name="logInModuleNegativeTest" data-provider="getItemName" finished-at="2022-12-18T02:09:54 EST" duration-ms="538" status="PASS">
          <params>
            <param index="0">
              <value>
                <![CDATA[hjhgakhk@gmail.com]]>
              </value>
            </param>
            <param index="1">
              <value>
                <![CDATA[ghjgfjkhsjk]]>
              </value>
            </param>
          </params>
          <reporter-output>
          </reporter-output>
        </test-method> <!-- logInModuleNegativeTest -->
        <test-method is-config="true" signature="tearDown()[pri:0, instance:automation.selenium4Framework.ErrorValidationTest@7b36aa0c]" started-at="2022-12-18T02:09:54 EST" name="tearDown" finished-at="2022-12-18T02:09:55 EST" duration-ms="126" status="PASS">
          <reporter-output>
          </reporter-output>
        </test-method> <!-- tearDown -->
        <test-method is-config="true" signature="launchApplication()[pri:0, instance:automation.selenium4Framework.ErrorValidationTest@7b36aa0c]" started-at="2022-12-18T02:09:55 EST" name="launchApplication" finished-at="2022-12-18T02:10:00 EST" duration-ms="5855" status="PASS">
          <reporter-output>
          </reporter-output>
        </test-method> <!-- launchApplication -->
        <test-method signature="logInModuleNegativeTest(java.lang.String,java.lang.String)[pri:1, instance:automation.selenium4Framework.ErrorValidationTest@7b36aa0c]" started-at="2022-12-18T02:10:00 EST" name="logInModuleNegativeTest" data-provider="getItemName" finished-at="2022-12-18T02:10:01 EST" duration-ms="527" status="PASS">
          <params>
            <param index="0">
              <value>
                <![CDATA[hghjkshpassword@gmail.com]]>
              </value>
            </param>
            <param index="1">
              <value>
                <![CDATA[hagkh]]>
              </value>
            </param>
          </params>
          <reporter-output>
          </reporter-output>
        </test-method> <!-- logInModuleNegativeTest -->
        <test-method is-config="true" signature="tearDown()[pri:0, instance:automation.selenium4Framework.ErrorValidationTest@7b36aa0c]" started-at="2022-12-18T02:10:01 EST" name="tearDown" finished-at="2022-12-18T02:10:01 EST" duration-ms="121" status="PASS">
          <reporter-output>
          </reporter-output>
        </test-method> <!-- tearDown -->
        <test-method is-config="true" signature="launchApplication()[pri:0, instance:automation.selenium4Framework.ErrorValidationTest@7b36aa0c]" started-at="2022-12-18T02:10:01 EST" name="launchApplication" finished-at="2022-12-18T02:10:06 EST" duration-ms="5029" status="PASS">
          <reporter-output>
          </reporter-output>
        </test-method> <!-- launchApplication -->
        <test-method signature="logInModuleNegativeTest(java.lang.String,java.lang.String)[pri:1, instance:automation.selenium4Framework.ErrorValidationTest@7b36aa0c]" started-at="2022-12-18T02:10:06 EST" name="logInModuleNegativeTest" data-provider="getItemName" finished-at="2022-12-18T02:10:07 EST" duration-ms="1049" status="PASS">
          <params>
            <param index="0">
              <value>
                <![CDATA[hghjkshord@gmail.com]]>
              </value>
            </param>
            <param index="1">
              <value>
                <![CDATA[hfkdjshf]]>
              </value>
            </param>
          </params>
          <reporter-output>
          </reporter-output>
        </test-method> <!-- logInModuleNegativeTest -->
        <test-method is-config="true" signature="tearDown()[pri:0, instance:automation.selenium4Framework.ErrorValidationTest@7b36aa0c]" started-at="2022-12-18T02:10:07 EST" name="tearDown" finished-at="2022-12-18T02:10:07 EST" duration-ms="118" status="PASS">
          <reporter-output>
          </reporter-output>
        </test-method> <!-- tearDown -->
        <test-method is-config="true" signature="launchApplication()[pri:0, instance:automation.selenium4Framework.ErrorValidationTest@7b36aa0c]" started-at="2022-12-18T02:10:07 EST" name="launchApplication" finished-at="2022-12-18T02:10:14 EST" duration-ms="6741" status="PASS">
          <reporter-output>
          </reporter-output>
        </test-method> <!-- launchApplication -->
        <test-method retried="true" signature="logInModuleNegativeTest(java.lang.String,java.lang.String)[pri:1, instance:automation.selenium4Framework.ErrorValidationTest@7b36aa0c]" started-at="2022-12-18T02:10:14 EST" name="logInModuleNegativeTest" data-provider="getItemName" finished-at="2022-12-18T02:10:34 EST" duration-ms="20363" status="SKIP">
          <params>
            <param index="0">
              <value>
                <![CDATA[hghjksorlgmail.com]]>
              </value>
            </param>
            <param index="1">
              <value>
                <![CDATA[dfgd]]>
              </value>
            </param>
          </params>
          <exception class="org.openqa.selenium.TimeoutException">
            <message>
              <![CDATA[Expected condition failed: waiting for visibility of Proxy element for: DefaultElementLocator 'By.cssSelector: [class*='flyInOut']' (tried for 5 second(s) with 500 milliseconds interval)]]>
            </message>
            <full-stacktrace>
              <![CDATA[org.openqa.selenium.TimeoutException: Expected condition failed: waiting for visibility of Proxy element for: DefaultElementLocator 'By.cssSelector: [class*='flyInOut']' (tried for 5 second(s) with 500 milliseconds interval)
at org.openqa.selenium.support.ui.WebDriverWait.timeoutException(WebDriverWait.java:87)
at org.openqa.selenium.support.ui.FluentWait.until(FluentWait.java:231)
at automation.selenium4Framework.Reuseables.waitForElementToAppearUsingWebElement(Reuseables.java:33)
at pageObjects.LandingPage.logInErrorMessage(LandingPage.java:39)
at automation.selenium4Framework.ErrorValidationTest.logInModuleNegativeTest(ErrorValidationTest.java:16)
at java.base/jdk.internal.reflect.NativeMethodAccessorImpl.invoke0(Native Method)
at java.base/jdk.internal.reflect.NativeMethodAccessorImpl.invoke(NativeMethodAccessorImpl.java:77)
at java.base/jdk.internal.reflect.DelegatingMethodAccessorImpl.invoke(DelegatingMethodAccessorImpl.java:43)
at java.base/java.lang.reflect.Method.invoke(Method.java:568)
at org.testng.internal.MethodInvocationHelper.invokeMethod(MethodInvocationHelper.java:133)
at org.testng.internal.TestInvoker.invokeMethod(TestInvoker.java:598)
at org.testng.internal.TestInvoker.invokeTestMethod(TestInvoker.java:173)
at org.testng.internal.MethodRunner.runInSequence(MethodRunner.java:46)
at org.testng.internal.TestInvoker$MethodInvocationAgent.invoke(TestInvoker.java:824)
at org.testng.internal.TestInvoker.invokeTestMethods(TestInvoker.java:146)
at org.testng.internal.TestMethodWorker.invokeTestMethods(TestMethodWorker.java:146)
at org.testng.internal.TestMethodWorker.run(TestMethodWorker.java:128)
at java.base/java.util.ArrayList.forEach(ArrayList.java:1511)
at org.testng.TestRunner.privateRun(TestRunner.java:794)
at org.testng.TestRunner.run(TestRunner.java:596)
at org.testng.SuiteRunner.runTest(SuiteRunner.java:377)
at org.testng.SuiteRunner.access$000(SuiteRunner.java:28)
at org.testng.SuiteRunner$SuiteWorker.run(SuiteRunner.java:418)
at org.testng.internal.thread.ThreadUtil.lambda$execute$0(ThreadUtil.java:64)
at java.base/java.util.concurrent.FutureTask.run(FutureTask.java:264)
at java.base/java.util.concurrent.ThreadPoolExecutor.runWorker(ThreadPoolExecutor.java:1136)
at java.base/java.util.concurrent.ThreadPoolExecutor$Worker.run(ThreadPoolExecutor.java:635)
at java.base/java.lang.Thread.run(Thread.java:833)
Caused by: org.openqa.selenium.NoSuchElementException: no such element: Unable to locate element: {"method":"css selector","selector":"[class*='flyInOut']"}
  (Session info: chrome=108.0.5359.124)
For documentation on this error, please visit: https://selenium.dev/exceptions/#no_such_element
Build info: version: '4.5.2', revision: '702c64f787c'
System info: os.name: 'Mac OS X', os.arch: 'x86_64', os.version: '13.1', java.version: '17.0.4.1'
Driver info: org.openqa.selenium.chrome.ChromeDriver
Command: [0b065dc5acbe5e04ae8bfcf69de9cbd7, findElement {using=css selector, value=[class*='flyInOut']}]
Capabilities {acceptInsecureCerts: false, browserName: chrome, browserVersion: 108.0.5359.124, chrome: {chromedriverVersion: 108.0.5359.71 (1e0e3868ee06..., userDataDir: /var/folders/gf/gthvsq1n1rz...}, goog:chromeOptions: {debuggerAddress: localhost:50957}, networkConnectionEnabled: false, pageLoadStrategy: normal, platformName: MAC, proxy: Proxy(), se:cdp: ws://localhost:50957/devtoo..., se:cdpVersion: 108.0.5359.124, setWindowRect: true, strictFileInteractability: false, timeouts: {implicit: 0, pageLoad: 300000, script: 30000}, unhandledPromptBehavior: dismiss and notify, webauthn:extension:credBlob: true, webauthn:extension:largeBlob: true, webauthn:virtualAuthenticators: true}
Session ID: 0b065dc5acbe5e04ae8bfcf69de9cbd7
at java.base/jdk.internal.reflect.NativeConstructorAccessorImpl.newInstance0(Native Method)
at java.base/jdk.internal.reflect.NativeConstructorAccessorImpl.newInstance(NativeConstructorAccessorImpl.java:77)
at java.base/jdk.internal.reflect.DelegatingConstructorAccessorImpl.newInstance(DelegatingConstructorAccessorImpl.java:45)
at java.base/java.lang.reflect.Constructor.newInstanceWithCaller(Constructor.java:499)
at java.base/java.lang.reflect.Constructor.newInstance(Constructor.java:480)
at org.openqa.selenium.remote.codec.w3c.W3CHttpResponseCodec.createException(W3CHttpResponseCodec.java:200)
at org.openqa.selenium.remote.codec.w3c.W3CHttpResponseCodec.decode(W3CHttpResponseCodec.java:133)
at org.openqa.selenium.remote.codec.w3c.W3CHttpResponseCodec.decode(W3CHttpResponseCodec.java:53)
at org.openqa.selenium.remote.HttpCommandExecutor.execute(HttpCommandExecutor.java:184)
at org.openqa.selenium.remote.service.DriverCommandExecutor.invokeExecute(DriverCommandExecutor.java:167)
at org.openqa.selenium.remote.service.DriverCommandExecutor.execute(DriverCommandExecutor.java:142)
at org.openqa.selenium.remote.RemoteWebDriver.execute(RemoteWebDriver.java:541)
at org.openqa.selenium.remote.ElementLocation$ElementFinder$2.findElement(ElementLocation.java:162)
at org.openqa.selenium.remote.ElementLocation.findElement(ElementLocation.java:60)
at org.openqa.selenium.remote.RemoteWebDriver.findElement(RemoteWebDriver.java:365)
at org.openqa.selenium.remote.RemoteWebDriver.findElement(RemoteWebDriver.java:357)
at org.openqa.selenium.support.pagefactory.DefaultElementLocator.findElement(DefaultElementLocator.java:70)
at org.openqa.selenium.support.pagefactory.internal.LocatingElementHandler.invoke(LocatingElementHandler.java:39)
at jdk.proxy2/jdk.proxy2.$Proxy21.isDisplayed(Unknown Source)
at org.openqa.selenium.support.ui.ExpectedConditions.elementIfVisible(ExpectedConditions.java:307)
at org.openqa.selenium.support.ui.ExpectedConditions.access$000(ExpectedConditions.java:40)
at org.openqa.selenium.support.ui.ExpectedConditions$10.apply(ExpectedConditions.java:293)
at org.openqa.selenium.support.ui.ExpectedConditions$10.apply(ExpectedConditions.java:290)
at org.openqa.selenium.support.ui.FluentWait.until(FluentWait.java:208)
... 26 more
]]>
            </full-stacktrace>
          </exception> <!-- org.openqa.selenium.TimeoutException -->
          <reporter-output>
          </reporter-output>
        </test-method> <!-- logInModuleNegativeTest -->
        <test-method is-config="true" signature="tearDown()[pri:0, instance:automation.selenium4Framework.ErrorValidationTest@7b36aa0c]" started-at="2022-12-18T02:10:34 EST" name="tearDown" finished-at="2022-12-18T02:10:35 EST" duration-ms="121" status="PASS">
          <reporter-output>
          </reporter-output>
        </test-method> <!-- tearDown -->
        <test-method is-config="true" signature="launchApplication()[pri:0, instance:automation.selenium4Framework.ErrorValidationTest@7b36aa0c]" started-at="2022-12-18T02:10:35 EST" name="launchApplication" finished-at="2022-12-18T02:10:40 EST" duration-ms="5418" status="PASS">
          <reporter-output>
          </reporter-output>
        </test-method> <!-- launchApplication -->
        <test-method signature="logInModuleNegativeTest(java.lang.String,java.lang.String)[pri:1, instance:automation.selenium4Framework.ErrorValidationTest@7b36aa0c]" started-at="2022-12-18T02:10:40 EST" name="logInModuleNegativeTest" data-provider="getItemName" finished-at="2022-12-18T02:11:00 EST" duration-ms="20309" status="FAIL">
          <params>
            <param index="0">
              <value>
                <![CDATA[hghjksorlgmail.com]]>
              </value>
            </param>
            <param index="1">
              <value>
                <![CDATA[dfgd]]>
              </value>
            </param>
          </params>
          <exception class="org.openqa.selenium.TimeoutException">
            <message>
              <![CDATA[Expected condition failed: waiting for visibility of Proxy element for: DefaultElementLocator 'By.cssSelector: [class*='flyInOut']' (tried for 5 second(s) with 500 milliseconds interval)]]>
            </message>
            <full-stacktrace>
              <![CDATA[org.openqa.selenium.TimeoutException: Expected condition failed: waiting for visibility of Proxy element for: DefaultElementLocator 'By.cssSelector: [class*='flyInOut']' (tried for 5 second(s) with 500 milliseconds interval)
at org.openqa.selenium.support.ui.WebDriverWait.timeoutException(WebDriverWait.java:87)
at org.openqa.selenium.support.ui.FluentWait.until(FluentWait.java:231)
at automation.selenium4Framework.Reuseables.waitForElementToAppearUsingWebElement(Reuseables.java:33)
at pageObjects.LandingPage.logInErrorMessage(LandingPage.java:39)
at automation.selenium4Framework.ErrorValidationTest.logInModuleNegativeTest(ErrorValidationTest.java:16)
at java.base/jdk.internal.reflect.NativeMethodAccessorImpl.invoke0(Native Method)
at java.base/jdk.internal.reflect.NativeMethodAccessorImpl.invoke(NativeMethodAccessorImpl.java:77)
at java.base/jdk.internal.reflect.DelegatingMethodAccessorImpl.invoke(DelegatingMethodAccessorImpl.java:43)
at java.base/java.lang.reflect.Method.invoke(Method.java:568)
at org.testng.internal.MethodInvocationHelper.invokeMethod(MethodInvocationHelper.java:133)
at org.testng.internal.TestInvoker.invokeMethod(TestInvoker.java:598)
at org.testng.internal.TestInvoker.retryFailed(TestInvoker.java:213)
at org.testng.internal.MethodRunner.runInSequence(MethodRunner.java:58)
at org.testng.internal.TestInvoker$MethodInvocationAgent.invoke(TestInvoker.java:824)
at org.testng.internal.TestInvoker.invokeTestMethods(TestInvoker.java:146)
at org.testng.internal.TestMethodWorker.invokeTestMethods(TestMethodWorker.java:146)
at org.testng.internal.TestMethodWorker.run(TestMethodWorker.java:128)
at java.base/java.util.ArrayList.forEach(ArrayList.java:1511)
at org.testng.TestRunner.privateRun(TestRunner.java:794)
at org.testng.TestRunner.run(TestRunner.java:596)
at org.testng.SuiteRunner.runTest(SuiteRunner.java:377)
at org.testng.SuiteRunner.access$000(SuiteRunner.java:28)
at org.testng.SuiteRunner$SuiteWorker.run(SuiteRunner.java:418)
at org.testng.internal.thread.ThreadUtil.lambda$execute$0(ThreadUtil.java:64)
at java.base/java.util.concurrent.FutureTask.run(FutureTask.java:264)
at java.base/java.util.concurrent.ThreadPoolExecutor.runWorker(ThreadPoolExecutor.java:1136)
at java.base/java.util.concurrent.ThreadPoolExecutor$Worker.run(ThreadPoolExecutor.java:635)
at java.base/java.lang.Thread.run(Thread.java:833)
Caused by: org.openqa.selenium.NoSuchElementException: no such element: Unable to locate element: {"method":"css selector","selector":"[class*='flyInOut']"}
  (Session info: chrome=108.0.5359.124)
For documentation on this error, please visit: https://selenium.dev/exceptions/#no_such_element
Build info: version: '4.5.2', revision: '702c64f787c'
System info: os.name: 'Mac OS X', os.arch: 'x86_64', os.version: '13.1', java.version: '17.0.4.1'
Driver info: org.openqa.selenium.chrome.ChromeDriver
Command: [e1bb94e8eec3c961826de6102e380d9e, findElement {using=css selector, value=[class*='flyInOut']}]
Capabilities {acceptInsecureCerts: false, browserName: chrome, browserVersion: 108.0.5359.124, chrome: {chromedriverVersion: 108.0.5359.71 (1e0e3868ee06..., userDataDir: /var/folders/gf/gthvsq1n1rz...}, goog:chromeOptions: {debuggerAddress: localhost:50982}, networkConnectionEnabled: false, pageLoadStrategy: normal, platformName: MAC, proxy: Proxy(), se:cdp: ws://localhost:50982/devtoo..., se:cdpVersion: 108.0.5359.124, setWindowRect: true, strictFileInteractability: false, timeouts: {implicit: 0, pageLoad: 300000, script: 30000}, unhandledPromptBehavior: dismiss and notify, webauthn:extension:credBlob: true, webauthn:extension:largeBlob: true, webauthn:virtualAuthenticators: true}
Session ID: e1bb94e8eec3c961826de6102e380d9e
at java.base/jdk.internal.reflect.NativeConstructorAccessorImpl.newInstance0(Native Method)
at java.base/jdk.internal.reflect.NativeConstructorAccessorImpl.newInstance(NativeConstructorAccessorImpl.java:77)
at java.base/jdk.internal.reflect.DelegatingConstructorAccessorImpl.newInstance(DelegatingConstructorAccessorImpl.java:45)
at java.base/java.lang.reflect.Constructor.newInstanceWithCaller(Constructor.java:499)
at java.base/java.lang.reflect.Constructor.newInstance(Constructor.java:480)
at org.openqa.selenium.remote.codec.w3c.W3CHttpResponseCodec.createException(W3CHttpResponseCodec.java:200)
at org.openqa.selenium.remote.codec.w3c.W3CHttpResponseCodec.decode(W3CHttpResponseCodec.java:133)
at org.openqa.selenium.remote.codec.w3c.W3CHttpResponseCodec.decode(W3CHttpResponseCodec.java:53)
at org.openqa.selenium.remote.HttpCommandExecutor.execute(HttpCommandExecutor.java:184)
at org.openqa.selenium.remote.service.DriverCommandExecutor.invokeExecute(DriverCommandExecutor.java:167)
at org.openqa.selenium.remote.service.DriverCommandExecutor.execute(DriverCommandExecutor.java:142)
at org.openqa.selenium.remote.RemoteWebDriver.execute(RemoteWebDriver.java:541)
at org.openqa.selenium.remote.ElementLocation$ElementFinder$2.findElement(ElementLocation.java:162)
at org.openqa.selenium.remote.ElementLocation.findElement(ElementLocation.java:60)
at org.openqa.selenium.remote.RemoteWebDriver.findElement(RemoteWebDriver.java:365)
at org.openqa.selenium.remote.RemoteWebDriver.findElement(RemoteWebDriver.java:357)
at org.openqa.selenium.support.pagefactory.DefaultElementLocator.findElement(DefaultElementLocator.java:70)
at org.openqa.selenium.support.pagefactory.internal.LocatingElementHandler.invoke(LocatingElementHandler.java:39)
at jdk.proxy2/jdk.proxy2.$Proxy21.isDisplayed(Unknown Source)
at org.openqa.selenium.support.ui.ExpectedConditions.elementIfVisible(ExpectedConditions.java:307)
at org.openqa.selenium.support.ui.ExpectedConditions.access$000(ExpectedConditions.java:40)
at org.openqa.selenium.support.ui.ExpectedConditions$10.apply(ExpectedConditions.java:293)
at org.openqa.selenium.support.ui.ExpectedConditions$10.apply(ExpectedConditions.java:290)
at org.openqa.selenium.support.ui.FluentWait.until(FluentWait.java:208)
... 26 more
]]>
            </full-stacktrace>
          </exception> <!-- org.openqa.selenium.TimeoutException -->
          <reporter-output>
          </reporter-output>
        </test-method> <!-- logInModuleNegativeTest -->
        <test-method is-config="true" signature="tearDown()[pri:0, instance:automation.selenium4Framework.ErrorValidationTest@7b36aa0c]" started-at="2022-12-18T02:11:02 EST" name="tearDown" finished-at="2022-12-18T02:11:02 EST" duration-ms="115" status="PASS">
          <reporter-output>
          </reporter-output>
        </test-method> <!-- tearDown -->
      </class> <!-- automation.selenium4Framework.ErrorValidationTest -->
    </test> <!-- login module Test -->
  </suite> <!-- Suite -->
</testng-results>
